Clock: clk
Sources: clk 
Generated: no
Virtual: yes
Propagated: no
Period: 100.000000

===========================================================================
report_clock_properties
============================================================================
Clock                   Period          Waveform
----------------------------------------------------
clk                 100.000000    0.000000 50.000000

===========================================================================
report_clock_latency
============================================================================
Clock clk
rise -> rise
    min     max
0.000000 0.000000 source latency
0.515556         network latency _4439_/CLK
        0.543731 network latency _4764_/CLK
---------------
0.515556 0.543731 latency
        0.028175 skew

fall -> fall
    min     max
0.000000 0.000000 source latency
0.492872         network latency _4439_/CLK
        0.520597 network latency _4764_/CLK
---------------
0.492872 0.520597 latency
        0.027725 skew



===========================================================================
report_clock_min_period
============================================================================
clk period_min = 4.61 fmax = 216.86
