+ analyze_power_grid -net VDD -voltage_file /workspaces/IR-Remote-Decoder/TopLevel/src/runs/Chip_run/56-openroad-irdropreport/net-VDD.csv
[INFO PSM-0040] All shapes on net VDD are connected.
########## IR report #################
Net              : VDD
Corner           : nom_typ_1p20V_25C
Total power      : 7.00e-04 W
Supply voltage   : 1.20e+00 V
Worstcase voltage: 1.20e+00 V
Average voltage  : 1.20e+00 V
Average IR drop  : 1.40e-05 V
Worstcase IR drop: 3.87e-04 V
Percentage drop  : 0.03 %
######################################
+ analyze_power_grid -net VSS -voltage_file /workspaces/IR-Remote-Decoder/TopLevel/src/runs/Chip_run/56-openroad-irdropreport/net-VSS.csv
[INFO PSM-0040] All shapes on net VSS are connected.
########## IR report #################
Net              : VSS
Corner           : nom_typ_1p20V_25C
Total power      : 7.00e-04 W
Supply voltage   : 0.00e+00 V
Worstcase voltage: 1.40e-04 V
Average voltage  : 1.29e-05 V
Average IR drop  : 1.29e-05 V
Worstcase IR drop: 1.40e-04 V
Percentage drop  : 0.01 %
######################################
