Clock: clk
Sources: clk 
Generated: no
Virtual: no
Propagated: no
Period: 100.000000

===========================================================================
report_clock_properties
============================================================================
Clock                   Period          Waveform
----------------------------------------------------
clk                 100.000000    0.000000 50.000000

===========================================================================
report_clock_latency
============================================================================
Clock clk
rise -> rise
    min     max
0.000000 0.000000 source latency
2.198019         network latency _4259_/CLK
        2.198019 network latency _4259_/CLK
---------------
2.198019 2.198019 latency
        0.000000 skew

fall -> fall
    min     max
0.000000 0.000000 source latency
1.591193         network latency _4259_/CLK
        1.591193 network latency _4259_/CLK
---------------
1.591193 1.591193 latency
        0.000000 skew



===========================================================================
report_clock_min_period
============================================================================
clk period_min = 5.08 fmax = 196.89
