                                                                        Cells by Master                                                                         
┏━━━━━━━━━━━━━━━━━━━━━━━━━━━━━━━━━━━━━━━━━━━━━━━━━━━━━━━━━━━━━━━━━━━━━━━━━━━━━━━━━━━━━━━━━━━━━━━━━━━━━━━━━━━━━━━━━━━━━━━━┳━━━━━━━━━━━━━━━━━━━━━━━━━━━━━━━━━━━━━┓
┃ Cell                                                                                                                   ┃ Count                               ┃
┡━━━━━━━━━━━━━━━━━━━━━━━━━━━━━━━━━━━━━━━━━━━━━━━━━━━━━━━━━━━━━━━━━━━━━━━━━━━━━━━━━━━━━━━━━━━━━━━━━━━━━━━━━━━━━━━━━━━━━━━━╇━━━━━━━━━━━━━━━━━━━━━━━━━━━━━━━━━━━━━┩
│ sg13g2_a21o_1                                                                                                          │ 31                                  │
│ sg13g2_a21oi_1                                                                                                         │ 166                                 │
│ sg13g2_a221oi_1                                                                                                        │ 10                                  │
│ sg13g2_a22oi_1                                                                                                         │ 35                                  │
│ sg13g2_and2_1                                                                                                          │ 53                                  │
│ sg13g2_and3_1                                                                                                          │ 21                                  │
│ sg13g2_and4_1                                                                                                          │ 13                                  │
│ sg13g2_antennanp                                                                                                       │ 1                                   │
│ sg13g2_buf_1                                                                                                           │ 340                                 │
│ sg13g2_buf_16                                                                                                          │ 1                                   │
│ sg13g2_buf_8                                                                                                           │ 87                                  │
│ sg13g2_decap_4                                                                                                         │ 1055                                │
│ sg13g2_decap_8                                                                                                         │ 7831                                │
│ sg13g2_dfrbpq_1                                                                                                        │ 721                                 │
│ sg13g2_dlygate4sd3_1                                                                                                   │ 1145                                │
│ sg13g2_fill_1                                                                                                          │ 1310                                │
│ sg13g2_fill_2                                                                                                          │ 1185                                │
│ sg13g2_inv_1                                                                                                           │ 157                                 │
│ sg13g2_inv_2                                                                                                           │ 21                                  │
│ sg13g2_inv_4                                                                                                           │ 1                                   │
│ sg13g2_mux2_1                                                                                                          │ 387                                 │
│ sg13g2_mux4_1                                                                                                          │ 22                                  │
│ sg13g2_nand2_1                                                                                                         │ 150                                 │
│ sg13g2_nand2b_1                                                                                                        │ 69                                  │
│ sg13g2_nand3_1                                                                                                         │ 84                                  │
│ sg13g2_nand3b_1                                                                                                        │ 10                                  │
│ sg13g2_nand4_1                                                                                                         │ 32                                  │
│ sg13g2_nor2_1                                                                                                          │ 197                                 │
│ sg13g2_nor2b_1                                                                                                         │ 35                                  │
│ sg13g2_nor3_1                                                                                                          │ 78                                  │
│ sg13g2_nor4_1                                                                                                          │ 36                                  │
│ sg13g2_o21ai_1                                                                                                         │ 305                                 │
│ sg13g2_or2_1                                                                                                           │ 26                                  │
│ sg13g2_or3_1                                                                                                           │ 15                                  │
│ sg13g2_or4_1                                                                                                           │ 13                                  │
│ sg13g2_tiehi                                                                                                           │ 200                                 │
│ sg13g2_xnor2_1                                                                                                         │ 58                                  │
│ sg13g2_xor2_1                                                                                                          │ 33                                  │
└────────────────────────────────────────────────────────────────────────────────────────────────────────────────────────┴─────────────────────────────────────┘
