Clock: clk
Sources: clk 
Generated: no
Virtual: yes
Propagated: no
Period: 100.000000

===========================================================================
report_clock_properties
============================================================================
Clock                   Period          Waveform
----------------------------------------------------
clk                 100.000000    0.000000 50.000000

===========================================================================
report_clock_latency
============================================================================
Clock clk
rise -> rise
    min     max
0.000000 0.000000 source latency
0.397713         network latency _4354_/CLK
        0.419636 network latency _4901_/CLK
---------------
0.397713 0.419636 latency
        0.021923 skew

fall -> fall
    min     max
0.000000 0.000000 source latency
0.380759         network latency _4354_/CLK
        0.400746 network latency _4901_/CLK
---------------
0.380759 0.400746 latency
        0.019988 skew



===========================================================================
report_clock_min_period
============================================================================
clk period_min = 4.12 fmax = 242.83
