
===========================================================================
report_checks -unconstrained
===========================================================================
======================= nom_fast_1p32V_m40C Corner ===================================

Startpoint: rst_n (input port clocked by clk)
Endpoint: _4259_ (recovery check against rising-edge clock clk)
Path Group: asynchronous
Path Type: max

Fanout         Cap        Slew       Delay        Time   Description
---------------------------------------------------------------------------------------------
                      0.150000    0.000000    0.000000   clock clk (rise edge)
                                  0.000000    0.000000   clock network delay (ideal)
                                 20.000000   20.000000 ^ input external delay
   523    2.901921    1.893240    1.291998   21.291998 ^ rst_n (in)
                                                         rst_n (net)
                      1.893240    0.000000   21.291998 ^ _4259_/RESET_B (sg13g2_dfrbpq_1)
                                             21.291998   data arrival time

                      0.150000  100.000000  100.000000   clock clk (rise edge)
                                  0.000000  100.000000   clock network delay (ideal)
                                 -0.250000   99.750000   clock uncertainty
                                  0.000000   99.750000   clock reconvergence pessimism
                                             99.750000 ^ _4259_/CLK (sg13g2_dfrbpq_1)
                                 -0.332836   99.417168   library recovery time
                                             99.417168   data required time
---------------------------------------------------------------------------------------------
                                             99.417168   data required time
                                            -21.291998   data arrival time
---------------------------------------------------------------------------------------------
                                             78.125168   slack (MET)


Startpoint: rst_n (input port clocked by clk)
Endpoint: _4261_ (rising edge-triggered flip-flop clocked by clk)
Path Group: clk
Path Type: max

Fanout         Cap        Slew       Delay        Time   Description
---------------------------------------------------------------------------------------------
                      0.150000    0.000000    0.000000   clock clk (rise edge)
                                  0.000000    0.000000   clock network delay (ideal)
                                 20.000000   20.000000 ^ input external delay
   523    2.901921    1.893240    1.291998   21.291998 ^ rst_n (in)
                                                         rst_n (net)
                      1.893240    0.000000   21.291998 ^ _2822_/B (sg13g2_nand3b_1)
     4    0.013003    0.286388    0.329125   21.621122 v _2822_/Y (sg13g2_nand3b_1)
                                                         _1187_ (net)
                      0.286388    0.000000   21.621122 v _2823_/C (sg13g2_nor3_1)
    25    0.138812    1.094339    0.899586   22.520710 ^ _2823_/Y (sg13g2_nor3_1)
                                                         _1188_ (net)
                      1.094339    0.000000   22.520710 ^ _2824_/S (sg13g2_mux2_1)
     1    0.001523    0.034873    0.217470   22.738180 v _2824_/X (sg13g2_mux2_1)
                                                         _0111_ (net)
                      0.034873    0.000000   22.738180 v _4261_/D (sg13g2_dfrbpq_1)
                                             22.738180   data arrival time

                      0.150000  100.000000  100.000000   clock clk (rise edge)
                                  0.000000  100.000000   clock network delay (ideal)
                                 -0.250000   99.750000   clock uncertainty
                                  0.000000   99.750000   clock reconvergence pessimism
                                             99.750000 ^ _4261_/CLK (sg13g2_dfrbpq_1)
                                 -0.048237   99.701759   library setup time
                                             99.701759   data required time
---------------------------------------------------------------------------------------------
                                             99.701759   data required time
                                            -22.738180   data arrival time
---------------------------------------------------------------------------------------------
                                             76.963585   slack (MET)




===========================================================================
report_checks --slack_max -0.01
============================================================================
======================= nom_fast_1p32V_m40C Corner ===================================

No paths found.


===========================================================================
 report_check_types -max_slew -max_cap -max_fanout -violators
============================================================================
======================= nom_fast_1p32V_m40C Corner ===================================

max fanout

Pin                                   Limit Fanout  Slack
---------------------------------------------------------
rst_n                                     8    523   -515 (VIOLATED)
_4825_/Q                                  8     82    -74 (VIOLATED)
_3344_/Y                                  8     69    -61 (VIOLATED)
_4848_/Q                                  8     53    -45 (VIOLATED)
_4826_/Q                                  8     51    -43 (VIOLATED)
_4827_/Q                                  8     49    -41 (VIOLATED)
_2471_/Y                                  8     34    -26 (VIOLATED)
_3306_/X                                  8     33    -25 (VIOLATED)
_2346_/Y                                  8     32    -24 (VIOLATED)
_2347_/Y                                  8     32    -24 (VIOLATED)
_4854_/Q                                  8     30    -22 (VIOLATED)
_2467_/Y                                  8     28    -20 (VIOLATED)
_4850_/Q                                  8     27    -19 (VIOLATED)
_2705_/Y                                  8     25    -17 (VIOLATED)
_2823_/Y                                  8     25    -17 (VIOLATED)
_2850_/Y                                  8     25    -17 (VIOLATED)
_2877_/Y                                  8     25    -17 (VIOLATED)
_2903_/Y                                  8     25    -17 (VIOLATED)
_2930_/Y                                  8     25    -17 (VIOLATED)
_2956_/Y                                  8     25    -17 (VIOLATED)
_2983_/Y                                  8     25    -17 (VIOLATED)
_3009_/Y                                  8     25    -17 (VIOLATED)
_4841_/Q                                  8     25    -17 (VIOLATED)
_3865_/Y                                  8     23    -15 (VIOLATED)
_2389_/Y                                  8     19    -11 (VIOLATED)
_2625_/Y                                  8     19    -11 (VIOLATED)
_2645_/Y                                  8     19    -11 (VIOLATED)
_3728_/Y                                  8     18    -10 (VIOLATED)
_3807_/Y                                  8     17     -9 (VIOLATED)
_4684_/Q                                  8     16     -8 (VIOLATED)
_2756_/Y                                  8     15     -7 (VIOLATED)
_3805_/X                                  8     15     -7 (VIOLATED)
_2585_/Y                                  8     14     -6 (VIOLATED)
_3976_/Y                                  8     14     -6 (VIOLATED)
_4740_/Q                                  8     14     -6 (VIOLATED)
_2391_/Y                                  8     13     -5 (VIOLATED)
_2516_/Y                                  8     13     -5 (VIOLATED)
_4738_/Q                                  8     13     -5 (VIOLATED)
_2603_/Y                                  8     12     -4 (VIOLATED)
_3867_/X                                  8     12     -4 (VIOLATED)
_4739_/Q                                  8     12     -4 (VIOLATED)
_2239_/Y                                  8     11     -3 (VIOLATED)
_2643_/Y                                  8     11     -3 (VIOLATED)
_4647_/Q                                  8     11     -3 (VIOLATED)
_4840_/Q                                  8     11     -3 (VIOLATED)
_2390_/X                                  8     10     -2 (VIOLATED)
_2464_/X                                  8     10     -2 (VIOLATED)
_2721_/Y                                  8     10     -2 (VIOLATED)
_3241_/Y                                  8     10     -2 (VIOLATED)
_3557_/Y                                  8     10     -2 (VIOLATED)
_3866_/X                                  8     10     -2 (VIOLATED)
_4623_/Q                                  8     10     -2 (VIOLATED)
_4685_/Q                                  8     10     -2 (VIOLATED)
_4741_/Q                                  8     10     -2 (VIOLATED)
_4757_/Q                                  8     10     -2 (VIOLATED)
_4787_/Q                                  8     10     -2 (VIOLATED)
_4870_/Q                                  8     10     -2 (VIOLATED)
_4927_/Q                                  8     10     -2 (VIOLATED)
_4942_/Q                                  8     10     -2 (VIOLATED)
_2308_/Y                                  8      9        (VIOLATED)
_2431_/Y                                  8      9        (VIOLATED)
_4510_/Q                                  8      9        (VIOLATED)
_4511_/Q                                  8      9        (VIOLATED)
_4512_/Q                                  8      9        (VIOLATED)
_4513_/Q                                  8      9        (VIOLATED)
_4514_/Q                                  8      9        (VIOLATED)
_4515_/Q                                  8      9        (VIOLATED)
_4516_/Q                                  8      9        (VIOLATED)
_4517_/Q                                  8      9        (VIOLATED)
_4518_/Q                                  8      9        (VIOLATED)
_4519_/Q                                  8      9        (VIOLATED)
_4520_/Q                                  8      9        (VIOLATED)
_4521_/Q                                  8      9        (VIOLATED)
_4522_/Q                                  8      9        (VIOLATED)
_4523_/Q                                  8      9        (VIOLATED)
_4524_/Q                                  8      9        (VIOLATED)
_4525_/Q                                  8      9        (VIOLATED)
_4526_/Q                                  8      9        (VIOLATED)
_4527_/Q                                  8      9        (VIOLATED)
_4528_/Q                                  8      9        (VIOLATED)
_4529_/Q                                  8      9        (VIOLATED)
_4530_/Q                                  8      9        (VIOLATED)
_4531_/Q                                  8      9        (VIOLATED)
_4532_/Q                                  8      9        (VIOLATED)
_4533_/Q                                  8      9        (VIOLATED)
_4534_/Q                                  8      9        (VIOLATED)
_4649_/Q                                  8      9        (VIOLATED)
_4691_/Q                                  8      9        (VIOLATED)
_4716_/Q                                  8      9        (VIOLATED)
_4786_/Q                                  8      9        (VIOLATED)

max capacitance

Pin                                        Limit         Cap       Slack
------------------------------------------------------------------------
rst_n                                   1.200000    2.901921   -1.701921 (VIOLATED)
_4825_/Q                                0.300000    0.473762   -0.173762 (VIOLATED)



===========================================================================
report_parasitic_annotation -report_unannotated
============================================================================
Found 2956 unannotated drivers.
 clk
 ir_in
 record_req
 replay_req
 rst_n
 slot_sel[0]
 slot_sel[1]
 slot_sel[2]
 _2233_/Y
 _2234_/Y
 _2235_/Y
 _2236_/Y
 _2237_/Y
 _2238_/Y
 _2239_/Y
 _2240_/Y
 _2241_/Y
 _2242_/Y
 _2243_/Y
 _2244_/Y
 _2245_/Y
 _2246_/Y
 _2247_/Y
 _2248_/Y
 _2249_/Y
 _2250_/Y
 _2251_/Y
 _2252_/Y
 _2253_/Y
 _2254_/Y
 _2255_/Y
 _2256_/Y
 _2257_/Y
 _2258_/Y
 _2259_/Y
 _2260_/Y
 _2261_/Y
 _2262_/Y
 _2263_/Y
 _2264_/Y
 _2265_/Y
 _2266_/Y
 _2267_/Y
 _2268_/Y
 _2269_/Y
 _2270_/Y
 _2271_/Y
 _2272_/Y
 _2273_/Y
 _2274_/Y
 _2275_/Y
 _2276_/Y
 _2277_/Y
 _2278_/Y
 _2279_/Y
 _2280_/Y
 _2281_/Y
 _2282_/Y
 _2283_/Y
 _2284_/Y
 _2285_/Y
 _2286_/Y
 _2287_/Y
 _2288_/Y
 _2289_/Y
 _2290_/Y
 _2291_/Y
 _2292_/Y
 _2293_/Y
 _2294_/Y
 _2295_/Y
 _2296_/Y
 _2297_/Y
 _2298_/Y
 _2299_/Y
 _2300_/Y
 _2301_/Y
 _2302_/Y
 _2303_/Y
 _2304_/Y
 _2305_/Y
 _2306_/Y
 _2307_/Y
 _2308_/Y
 _2309_/Y
 _2310_/Y
 _2311_/Y
 _2312_/Y
 _2313_/Y
 _2314_/Y
 _2315_/Y
 _2316_/Y
 _2317_/Y
 _2318_/Y
 _2319_/Y
 _2320_/Y
 _2321_/Y
 _2322_/Y
 _2323_/Y
 _2324_/Y
 _2325_/Y
 _2326_/Y
 _2327_/Y
 _2328_/Y
 _2329_/Y
 _2330_/Y
 _2331_/Y
 _2332_/Y
 _2333_/Y
 _2334_/Y
 _2335_/Y
 _2336_/Y
 _2337_/Y
 _2338_/Y
 _2339_/Y
 _2340_/Y
 _2341_/Y
 _2342_/Y
 _2343_/Y
 _2344_/Y
 _2345_/Y
 _2346_/Y
 _2347_/Y
 _2348_/Y
 _2349_/Y
 _2350_/Y
 _2351_/Y
 _2352_/Y
 _2353_/Y
 _2354_/Y
 _2355_/Y
 _2356_/Y
 _2357_/Y
 _2358_/Y
 _2359_/Y
 _2360_/Y
 _2361_/Y
 _2362_/Y
 _2363_/X
 _2364_/Y
 _2365_/Y
 _2366_/Y
 _2367_/Y
 _2368_/Y
 _2369_/Y
 _2370_/Y
 _2371_/Y
 _2372_/Y
 _2373_/Y
 _2374_/Y
 _2375_/Y
 _2376_/Y
 _2377_/Y
 _2378_/Y
 _2379_/Y
 _2380_/Y
 _2381_/Y
 _2382_/Y
 _2383_/Y
 _2384_/Y
 _2385_/Y
 _2386_/Y
 _2387_/Y
 _2388_/Y
 _2389_/Y
 _2390_/X
 _2391_/Y
 _2392_/Y
 _2393_/Y
 _2394_/X
 _2395_/Y
 _2396_/X
 _2397_/Y
 _2398_/Y
 _2399_/Y
 _2400_/X
 _2401_/X
 _2402_/Y
 _2403_/Y
 _2404_/X
 _2405_/Y
 _2406_/X
 _2407_/Y
 _2408_/X
 _2409_/Y
 _2410_/Y
 _2411_/Y
 _2412_/X
 _2413_/Y
 _2414_/Y
 _2415_/Y
 _2416_/Y
 _2417_/Y
 _2418_/Y
 _2419_/Y
 _2420_/Y
 _2421_/X
 _2422_/Y
 _2423_/Y
 _2424_/Y
 _2425_/Y
 _2426_/Y
 _2427_/X
 _2428_/Y
 _2429_/Y
 _2430_/X
 _2431_/Y
 _2432_/X
 _2433_/Y
 _2434_/Y
 _2435_/Y
 _2436_/Y
 _2437_/Y
 _2438_/Y
 _2439_/Y
 _2440_/Y
 _2441_/Y
 _2442_/X
 _2443_/Y
 _2444_/Y
 _2445_/Y
 _2446_/Y
 _2447_/Y
 _2448_/Y
 _2449_/Y
 _2450_/Y
 _2451_/Y
 _2452_/Y
 _2453_/Y
 _2454_/Y
 _2455_/X
 _2456_/Y
 _2457_/Y
 _2458_/Y
 _2459_/Y
 _2460_/Y
 _2461_/Y
 _2462_/Y
 _2463_/Y
 _2464_/X
 _2465_/Y
 _2466_/Y
 _2467_/Y
 _2468_/Y
 _2469_/Y
 _2470_/Y
 _2471_/Y
 _2472_/Y
 _2473_/Y
 _2474_/X
 _2475_/Y
 _2476_/Y
 _2477_/Y
 _2478_/Y
 _2479_/Y
 _2480_/Y
 _2481_/Y
 _2482_/X
 _2483_/Y
 _2484_/Y
 _2485_/Y
 _2486_/Y
 _2487_/Y
 _2488_/X
 _2489_/X
 _2490_/Y
 _2491_/X
 _2492_/Y
 _2493_/X
 _2494_/Y
 _2495_/X
 _2496_/X
 _2497_/Y
 _2498_/X
 _2499_/X
 _2500_/Y
 _2501_/Y
 _2502_/Y
 _2503_/X
 _2504_/X
 _2505_/Y
 _2506_/Y
 _2507_/Y
 _2508_/X
 _2509_/Y
 _2510_/Y
 _2511_/X
 _2512_/X
 _2513_/X
 _2514_/X
 _2515_/Y
 _2516_/Y
 _2517_/Y
 _2518_/Y
 _2519_/Y
 _2520_/Y
 _2521_/Y
 _2522_/X
 _2523_/Y
 _2524_/X
 _2525_/Y
 _2526_/Y
 _2527_/X
 _2528_/Y
 _2529_/Y
 _2530_/Y
 _2531_/Y
 _2532_/Y
 _2533_/Y
 _2534_/Y
 _2535_/X
 _2536_/X
 _2537_/Y
 _2538_/X
 _2539_/X
 _2540_/X
 _2541_/Y
 _2542_/X
 _2543_/Y
 _2544_/X
 _2545_/X
 _2546_/Y
 _2547_/Y
 _2548_/Y
 _2549_/Y
 _2550_/X
 _2551_/Y
 _2552_/Y
 _2553_/Y
 _2554_/Y
 _2555_/X
 _2556_/X
 _2557_/Y
 _2558_/Y
 _2559_/X
 _2560_/Y
 _2561_/Y
 _2562_/Y
 _2563_/Y
 _2564_/Y
 _2565_/Y
 _2566_/Y
 _2567_/Y
 _2568_/Y
 _2569_/X
 _2570_/Y
 _2571_/Y
 _2572_/Y
 _2573_/Y
 _2574_/X
 _2575_/Y
 _2576_/X
 _2577_/Y
 _2578_/X
 _2579_/Y
 _2580_/X
 _2581_/Y
 _2582_/Y
 _2583_/Y
 _2584_/Y
 _2585_/Y
 _2586_/Y
 _2587_/Y
 _2588_/Y
 _2589_/Y
 _2590_/X
 _2591_/Y
 _2592_/Y
 _2593_/Y
 _2594_/Y
 _2595_/Y
 _2596_/Y
 _2597_/X
 _2598_/X
 _2599_/X
 _2600_/Y
 _2601_/X
 _2602_/Y
 _2603_/Y
 _2604_/Y
 _2605_/Y
 _2606_/Y
 _2607_/Y
 _2608_/X
 _2609_/Y
 _2610_/Y
 _2611_/Y
 _2612_/Y
 _2613_/Y
 _2614_/Y
 _2615_/Y
 _2616_/X
 _2617_/Y
 _2618_/Y
 _2619_/Y
 _2620_/Y
 _2621_/Y
 _2622_/Y
 _2623_/X
 _2624_/Y
 _2625_/Y
 _2626_/Y
 _2627_/Y
 _2628_/Y
 _2629_/Y
 _2630_/Y
 _2631_/Y
 _2632_/Y
 _2633_/Y
 _2634_/Y
 _2635_/Y
 _2636_/Y
 _2637_/Y
 _2638_/X
 _2639_/Y
 _2640_/Y
 _2641_/Y
 _2642_/Y
 _2643_/Y
 _2644_/Y
 _2645_/Y
 _2646_/Y
 _2647_/Y
 _2648_/Y
 _2649_/Y
 _2650_/Y
 _2651_/Y
 _2652_/Y
 _2653_/Y
 _2654_/Y
 _2655_/X
 _2656_/Y
 _2657_/X
 _2658_/Y
 _2659_/Y
 _2660_/Y
 _2661_/Y
 _2662_/Y
 _2663_/Y
 _2664_/Y
 _2665_/X
 _2666_/Y
 _2667_/Y
 _2668_/Y
 _2669_/Y
 _2670_/Y
 _2671_/Y
 _2672_/Y
 _2673_/Y
 _2674_/Y
 _2675_/Y
 _2676_/Y
 _2677_/Y
 _2678_/Y
 _2679_/Y
 _2680_/X
 _2681_/Y
 _2682_/Y
 _2683_/Y
 _2684_/Y
 _2685_/Y
 _2686_/Y
 _2687_/Y
 _2688_/Y
 _2689_/X
 _2690_/Y
 _2691_/Y
 _2692_/Y
 _2693_/X
 _2694_/Y
 _2695_/X
 _2696_/Y
 _2697_/Y
 _2698_/Y
 _2699_/Y
 _2700_/Y
 _2701_/X
 _2702_/Y
 _2703_/Y
 _2704_/Y
 _2705_/Y
 _2706_/Y
 _2707_/Y
 _2708_/X
 _2709_/Y
 _2710_/Y
 _2711_/Y
 _2712_/Y
 _2713_/X
 _2714_/Y
 _2715_/Y
 _2716_/Y
 _2717_/X
 _2718_/Y
 _2719_/Y
 _2720_/Y
 _2721_/Y
 _2722_/X
 _2723_/Y
 _2724_/X
 _2725_/Y
 _2726_/Y
 _2727_/X
 _2728_/Y
 _2729_/Y
 _2730_/X
 _2731_/Y
 _2732_/X
 _2733_/Y
 _2734_/Y
 _2735_/Y
 _2736_/Y
 _2737_/Y
 _2738_/Y
 _2739_/Y
 _2740_/Y
 _2741_/Y
 _2742_/Y
 _2743_/Y
 _2744_/Y
 _2745_/Y
 _2746_/Y
 _2747_/Y
 _2748_/X
 _2749_/Y
 _2750_/Y
 _2751_/X
 _2752_/Y
 _2753_/Y
 _2754_/Y
 _2755_/Y
 _2756_/Y
 _2757_/Y
 _2758_/Y
 _2759_/Y
 _2760_/Y
 _2761_/Y
 _2762_/Y
 _2763_/Y
 _2764_/Y
 _2765_/Y
 _2766_/X
 _2767_/Y
 _2768_/Y
 _2769_/Y
 _2770_/Y
 _2771_/Y
 _2772_/Y
 _2773_/Y
 _2774_/Y
 _2775_/Y
 _2776_/Y
 _2777_/X
 _2778_/X
 _2779_/Y
 _2780_/Y
 _2781_/Y
 _2782_/Y
 _2783_/X
 _2784_/Y
 _2785_/Y
 _2786_/Y
 _2787_/Y
 _2788_/X
 _2789_/X
 _2790_/Y
 _2791_/Y
 _2792_/Y
 _2793_/Y
 _2794_/Y
 _2795_/Y
 _2796_/Y
 _2797_/Y
 _2798_/Y
 _2799_/Y
 _2800_/Y
 _2801_/Y
 _2802_/Y
 _2803_/Y
 _2804_/X
 _2805_/X
 _2806_/Y
 _2807_/Y
 _2808_/Y
 _2809_/X
 _2810_/Y
 _2811_/Y
 _2812_/X
 _2813_/Y
 _2814_/Y
 _2815_/Y
 _2816_/Y
 _2817_/X
 _2818_/X
 _2819_/X
 _2820_/X
 _2821_/X
 _2822_/Y
 _2823_/Y
 _2824_/X
 _2825_/X
 _2826_/X
 _2827_/X
 _2828_/X
 _2829_/X
 _2830_/X
 _2831_/X
 _2832_/X
 _2833_/X
 _2834_/X
 _2835_/X
 _2836_/X
 _2837_/X
 _2838_/X
 _2839_/X
 _2840_/X
 _2841_/X
 _2842_/X
 _2843_/X
 _2844_/X
 _2845_/X
 _2846_/X
 _2847_/X
 _2848_/X
 _2849_/Y
 _2850_/Y
 _2851_/X
 _2852_/X
 _2853_/X
 _2854_/X
 _2855_/X
 _2856_/X
 _2857_/X
 _2858_/X
 _2859_/X
 _2860_/X
 _2861_/X
 _2862_/X
 _2863_/X
 _2864_/X
 _2865_/X
 _2866_/X
 _2867_/X
 _2868_/X
 _2869_/X
 _2870_/X
 _2871_/X
 _2872_/X
 _2873_/X
 _2874_/X
 _2875_/X
 _2876_/Y
 _2877_/Y
 _2878_/X
 _2879_/X
 _2880_/X
 _2881_/X
 _2882_/X
 _2883_/X
 _2884_/X
 _2885_/X
 _2886_/X
 _2887_/X
 _2888_/X
 _2889_/X
 _2890_/X
 _2891_/X
 _2892_/X
 _2893_/X
 _2894_/X
 _2895_/X
 _2896_/X
 _2897_/X
 _2898_/X
 _2899_/X
 _2900_/X
 _2901_/X
 _2902_/X
 _2903_/Y
 _2904_/X
 _2905_/X
 _2906_/X
 _2907_/X
 _2908_/X
 _2909_/X
 _2910_/X
 _2911_/X
 _2912_/X
 _2913_/X
 _2914_/X
 _2915_/X
 _2916_/X
 _2917_/X
 _2918_/X
 _2919_/X
 _2920_/X
 _2921_/X
 _2922_/X
 _2923_/X
 _2924_/X
 _2925_/X
 _2926_/X
 _2927_/X
 _2928_/X
 _2929_/Y
 _2930_/Y
 _2931_/X
 _2932_/X
 _2933_/X
 _2934_/X
 _2935_/X
 _2936_/X
 _2937_/X
 _2938_/X
 _2939_/X
 _2940_/X
 _2941_/X
 _2942_/X
 _2943_/X
 _2944_/X
 _2945_/X
 _2946_/X
 _2947_/X
 _2948_/X
 _2949_/X
 _2950_/X
 _2951_/X
 _2952_/X
 _2953_/X
 _2954_/X
 _2955_/X
 _2956_/Y
 _2957_/X
 _2958_/X
 _2959_/X
 _2960_/X
 _2961_/X
 _2962_/X
 _2963_/X
 _2964_/X
 _2965_/X
 _2966_/X
 _2967_/X
 _2968_/X
 _2969_/X
 _2970_/X
 _2971_/X
 _2972_/X
 _2973_/X
 _2974_/X
 _2975_/X
 _2976_/X
 _2977_/X
 _2978_/X
 _2979_/X
 _2980_/X
 _2981_/X
 _2982_/Y
 _2983_/Y
 _2984_/X
 _2985_/X
 _2986_/X
 _2987_/X
 _2988_/X
 _2989_/X
 _2990_/X
 _2991_/X
 _2992_/X
 _2993_/X
 _2994_/X
 _2995_/X
 _2996_/X
 _2997_/X
 _2998_/X
 _2999_/X
 _3000_/X
 _3001_/X
 _3002_/X
 _3003_/X
 _3004_/X
 _3005_/X
 _3006_/X
 _3007_/X
 _3008_/X
 _3009_/Y
 _3010_/X
 _3011_/X
 _3012_/X
 _3013_/X
 _3014_/X
 _3015_/X
 _3016_/X
 _3017_/X
 _3018_/X
 _3019_/X
 _3020_/X
 _3021_/X
 _3022_/X
 _3023_/X
 _3024_/X
 _3025_/X
 _3026_/X
 _3027_/X
 _3028_/X
 _3029_/X
 _3030_/X
 _3031_/X
 _3032_/X
 _3033_/X
 _3034_/X
 _3035_/X
 _3036_/X
 _3037_/X
 _3038_/X
 _3039_/X
 _3040_/X
 _3041_/X
 _3042_/X
 _3043_/X
 _3044_/X
 _3045_/X
 _3046_/X
 _3047_/X
 _3048_/X
 _3049_/X
 _3050_/X
 _3051_/X
 _3052_/X
 _3053_/X
 _3054_/X
 _3055_/X
 _3056_/X
 _3057_/X
 _3058_/X
 _3059_/X
 _3060_/X
 _3061_/X
 _3062_/X
 _3063_/X
 _3064_/X
 _3065_/X
 _3066_/X
 _3067_/Y
 _3068_/Y
 _3069_/X
 _3070_/Y
 _3071_/Y
 _3072_/X
 _3073_/X
 _3074_/X
 _3075_/X
 _3076_/X
 _3077_/X
 _3078_/X
 _3079_/X
 _3080_/X
 _3081_/X
 _3082_/X
 _3083_/X
 _3084_/X
 _3085_/X
 _3086_/X
 _3087_/X
 _3088_/X
 _3089_/X
 _3090_/X
 _3091_/X
 _3092_/X
 _3093_/X
 _3094_/X
 _3095_/X
 _3096_/X
 _3097_/X
 _3098_/X
 _3099_/X
 _3100_/X
 _3101_/X
 _3102_/X
 _3103_/X
 _3104_/X
 _3105_/X
 _3106_/X
 _3107_/X
 _3108_/X
 _3109_/X
 _3110_/X
 _3111_/Y
 _3112_/X
 _3113_/X
 _3114_/X
 _3115_/X
 _3116_/X
 _3117_/X
 _3118_/X
 _3119_/X
 _3120_/X
 _3121_/X
 _3122_/X
 _3123_/X
 _3124_/X
 _3125_/X
 _3126_/X
 _3127_/X
 _3128_/Y
 _3129_/Y
 _3130_/Y
 _3131_/Y
 _3132_/Y
 _3133_/Y
 _3134_/Y
 _3135_/Y
 _3136_/Y
 _3137_/Y
 _3138_/Y
 _3139_/Y
 _3140_/Y
 _3141_/Y
 _3142_/Y
 _3143_/Y
 _3144_/X
 _3145_/Y
 _3146_/Y
 _3147_/X
 _3148_/Y
 _3149_/Y
 _3150_/Y
 _3151_/Y
 _3152_/Y
 _3153_/Y
 _3154_/X
 _3155_/Y
 _3156_/X
 _3157_/Y
 _3158_/Y
 _3159_/Y
 _3160_/Y
 _3161_/Y
 _3162_/Y
 _3163_/Y
 _3164_/Y
 _3165_/Y
 _3166_/Y
 _3167_/Y
 _3168_/Y
 _3169_/X
 _3170_/Y
 _3171_/Y
 _3172_/Y
 _3173_/Y
 _3174_/Y
 _3175_/Y
 _3176_/X
 _3177_/Y
 _3178_/Y
 _3179_/Y
 _3180_/Y
 _3181_/X
 _3182_/Y
 _3183_/Y
 _3184_/Y
 _3185_/Y
 _3186_/X
 _3187_/Y
 _3188_/Y
 _3189_/Y
 _3190_/Y
 _3191_/Y
 _3192_/X
 _3193_/X
 _3194_/Y
 _3195_/X
 _3196_/Y
 _3197_/Y
 _3198_/Y
 _3199_/Y
 _3200_/Y
 _3201_/Y
 _3202_/Y
 _3203_/Y
 _3204_/Y
 _3205_/Y
 _3206_/Y
 _3207_/Y
 _3208_/X
 _3209_/Y
 _3210_/Y
 _3211_/Y
 _3212_/Y
 _3213_/Y
 _3214_/Y
 _3215_/Y
 _3216_/Y
 _3217_/X
 _3218_/Y
 _3219_/Y
 _3220_/Y
 _3221_/Y
 _3222_/Y
 _3223_/Y
 _3224_/X
 _3225_/Y
 _3226_/Y
 _3227_/Y
 _3228_/X
 _3229_/X
 _3230_/Y
 _3231_/Y
 _3232_/Y
 _3233_/Y
 _3234_/X
 _3235_/Y
 _3236_/Y
 _3237_/Y
 _3238_/Y
 _3239_/X
 _3240_/Y
 _3241_/Y
 _3242_/Y
 _3243_/Y
 _3244_/Y
 _3245_/X
 _3246_/Y
 _3247_/Y
 _3248_/Y
 _3249_/Y
 _3250_/Y
 _3251_/Y
 _3252_/Y
 _3253_/Y
 _3254_/Y
 _3255_/X
 _3256_/X
 _3257_/Y
 _3258_/X
 _3259_/Y
 _3260_/Y
 _3261_/Y
 _3262_/Y
 _3263_/Y
 _3264_/Y
 _3265_/Y
 _3266_/Y
 _3267_/Y
 _3268_/Y
 _3269_/Y
 _3270_/Y
 _3271_/Y
 _3272_/Y
 _3273_/Y
 _3274_/Y
 _3275_/X
 _3276_/Y
 _3277_/Y
 _3278_/Y
 _3279_/Y
 _3280_/X
 _3281_/Y
 _3282_/Y
 _3283_/Y
 _3284_/Y
 _3285_/Y
 _3286_/Y
 _3287_/Y
 _3288_/Y
 _3289_/Y
 _3290_/X
 _3291_/Y
 _3292_/Y
 _3293_/Y
 _3294_/Y
 _3295_/X
 _3296_/X
 _3297_/X
 _3298_/X
 _3299_/X
 _3300_/X
 _3301_/X
 _3302_/X
 _3303_/X
 _3304_/Y
 _3305_/X
 _3306_/X
 _3307_/Y
 _3308_/Y
 _3309_/Y
 _3310_/Y
 _3311_/X
 _3312_/Y
 _3313_/Y
 _3314_/Y
 _3315_/X
 _3316_/X
 _3317_/Y
 _3318_/Y
 _3319_/Y
 _3320_/Y
 _3321_/Y
 _3322_/Y
 _3323_/Y
 _3324_/Y
 _3325_/Y
 _3326_/X
 _3327_/Y
 _3328_/Y
 _3329_/X
 _3330_/X
 _3331_/Y
 _3332_/Y
 _3333_/Y
 _3334_/Y
 _3335_/Y
 _3336_/Y
 _3337_/Y
 _3338_/Y
 _3339_/Y
 _3340_/Y
 _3341_/Y
 _3342_/Y
 _3343_/Y
 _3344_/Y
 _3345_/Y
 _3346_/Y
 _3347_/Y
 _3348_/X
 _3349_/X
 _3350_/Y
 _3351_/X
 _3352_/Y
 _3353_/Y
 _3354_/Y
 _3355_/Y
 _3356_/X
 _3357_/X
 _3358_/Y
 _3359_/X
 _3360_/Y
 _3361_/X
 _3362_/Y
 _3363_/X
 _3364_/X
 _3365_/X
 _3366_/X
 _3367_/X
 _3368_/X
 _3369_/X
 _3370_/X
 _3371_/Y
 _3372_/Y
 _3373_/Y
 _3374_/Y
 _3375_/Y
 _3376_/Y
 _3377_/Y
 _3378_/X
 _3379_/Y
 _3380_/Y
 _3381_/Y
 _3382_/Y
 _3383_/Y
 _3384_/Y
 _3385_/Y
 _3386_/Y
 _3387_/Y
 _3388_/Y
 _3389_/Y
 _3390_/Y
 _3391_/Y
 _3392_/Y
 _3393_/Y
 _3394_/Y
 _3395_/Y
 _3396_/Y
 _3397_/Y
 _3398_/Y
 _3399_/Y
 _3400_/Y
 _3401_/Y
 _3402_/Y
 _3403_/Y
 _3404_/Y
 _3405_/X
 _3406_/Y
 _3407_/X
 _3408_/Y
 _3409_/X
 _3410_/Y
 _3411_/Y
 _3412_/Y
 _3413_/Y
 _3414_/X
 _3415_/Y
 _3416_/Y
 _3417_/Y
 _3418_/Y
 _3419_/Y
 _3420_/Y
 _3421_/Y
 _3422_/X
 _3423_/X
 _3424_/X
 _3425_/Y
 _3426_/X
 _3427_/Y
 _3428_/Y
 _3429_/Y
 _3430_/Y
 _3431_/Y
 _3432_/Y
 _3433_/Y
 _3434_/Y
 _3435_/Y
 _3436_/Y
 _3437_/Y
 _3438_/Y
 _3439_/Y
 _3440_/Y
 _3441_/Y
 _3442_/Y
 _3443_/Y
 _3444_/Y
 _3445_/Y
 _3446_/Y
 _3447_/Y
 _3448_/Y
 _3449_/Y
 _3450_/Y
 _3451_/Y
 _3452_/Y
 _3453_/Y
 _3454_/Y
 _3455_/Y
 _3456_/Y
 _3457_/Y
 _3458_/Y
 _3459_/Y
 _3460_/Y
 _3461_/Y
 _3462_/Y
 _3463_/Y
 _3464_/Y
 _3465_/Y
 _3466_/Y
 _3467_/Y
 _3468_/Y
 _3469_/Y
 _3470_/Y
 _3471_/Y
 _3472_/Y
 _3473_/Y
 _3474_/Y
 _3475_/Y
 _3476_/Y
 _3477_/Y
 _3478_/Y
 _3479_/Y
 _3480_/Y
 _3481_/Y
 _3482_/Y
 _3483_/Y
 _3484_/Y
 _3485_/Y
 _3486_/Y
 _3487_/Y
 _3488_/Y
 _3489_/X
 _3490_/X
 _3491_/Y
 _3492_/Y
 _3493_/Y
 _3494_/Y
 _3495_/Y
 _3496_/Y
 _3497_/Y
 _3498_/Y
 _3499_/Y
 _3500_/Y
 _3501_/Y
 _3502_/Y
 _3503_/Y
 _3504_/Y
 _3505_/Y
 _3506_/Y
 _3507_/Y
 _3508_/Y
 _3509_/Y
 _3510_/Y
 _3511_/Y
 _3512_/Y
 _3513_/Y
 _3514_/Y
 _3515_/Y
 _3516_/X
 _3517_/Y
 _3518_/X
 _3519_/X
 _3520_/Y
 _3521_/Y
 _3522_/Y
 _3523_/Y
 _3524_/Y
 _3525_/Y
 _3526_/Y
 _3527_/Y
 _3528_/Y
 _3529_/Y
 _3530_/X
 _3531_/X
 _3532_/X
 _3533_/X
 _3534_/X
 _3535_/X
 _3536_/X
 _3537_/X
 _3538_/X
 _3539_/X
 _3540_/X
 _3541_/X
 _3542_/X
 _3543_/X
 _3544_/X
 _3545_/X
 _3546_/X
 _3547_/X
 _3548_/X
 _3549_/X
 _3550_/X
 _3551_/X
 _3552_/X
 _3553_/X
 _3554_/Y
 _3555_/Y
 _3556_/Y
 _3557_/Y
 _3558_/X
 _3559_/Y
 _3560_/Y
 _3561_/Y
 _3562_/Y
 _3563_/Y
 _3564_/Y
 _3565_/Y
 _3566_/Y
 _3567_/Y
 _3568_/Y
 _3569_/X
 _3570_/Y
 _3571_/Y
 _3572_/Y
 _3573_/Y
 _3574_/Y
 _3575_/Y
 _3576_/Y
 _3577_/Y
 _3578_/Y
 _3579_/Y
 _3580_/Y
 _3581_/Y
 _3582_/X
 _3583_/Y
 _3584_/Y
 _3585_/X
 _3586_/Y
 _3587_/X
 _3588_/Y
 _3589_/Y
 _3590_/Y
 _3591_/Y
 _3592_/X
 _3593_/Y
 _3594_/X
 _3595_/Y
 _3596_/Y
 _3597_/Y
 _3598_/X
 _3599_/Y
 _3600_/X
 _3601_/Y
 _3602_/Y
 _3603_/X
 _3604_/X
 _3605_/Y
 _3606_/X
 _3607_/Y
 _3608_/Y
 _3609_/X
 _3610_/Y
 _3611_/Y
 _3612_/Y
 _3613_/Y
 _3614_/Y
 _3615_/Y
 _3616_/Y
 _3617_/X
 _3618_/X
 _3619_/X
 _3620_/X
 _3621_/X
 _3622_/X
 _3623_/X
 _3624_/X
 _3625_/X
 _3626_/Y
 _3627_/Y
 _3628_/Y
 _3629_/X
 _3630_/Y
 _3631_/Y
 _3632_/X
 _3633_/Y
 _3634_/Y
 _3635_/X
 _3636_/Y
 _3637_/X
 _3638_/Y
 _3639_/X
 _3640_/Y
 _3641_/Y
 _3642_/Y
 _3643_/X
 _3644_/Y
 _3645_/X
 _3646_/Y
 _3647_/Y
 _3648_/X
 _3649_/Y
 _3650_/Y
 _3651_/X
 _3652_/X
 _3653_/X
 _3654_/X
 _3655_/Y
 _3656_/Y
 _3657_/Y
 _3658_/Y
 _3659_/Y
 _3660_/Y
 _3661_/Y
 _3662_/X
 _3663_/Y
 _3664_/Y
 _3665_/Y
 _3666_/Y
 _3667_/X
 _3668_/Y
 _3669_/Y
 _3670_/Y
 _3671_/Y
 _3672_/Y
 _3673_/Y
 _3674_/X
 _3675_/Y
 _3676_/Y
 _3677_/Y
 _3678_/Y
 _3679_/Y
 _3680_/Y
 _3681_/Y
 _3682_/X
 _3683_/Y
 _3684_/Y
 _3685_/Y
 _3686_/X
 _3687_/Y
 _3688_/Y
 _3689_/X
 _3690_/Y
 _3691_/Y
 _3692_/Y
 _3693_/Y
 _3694_/Y
 _3695_/Y
 _3696_/Y
 _3697_/Y
 _3698_/Y
 _3699_/Y
 _3700_/Y
 _3701_/Y
 _3702_/Y
 _3703_/Y
 _3704_/Y
 _3705_/Y
 _3706_/X
 _3707_/Y
 _3708_/Y
 _3709_/Y
 _3710_/Y
 _3711_/Y
 _3712_/Y
 _3713_/Y
 _3714_/Y
 _3715_/Y
 _3716_/Y
 _3717_/Y
 _3718_/X
 _3719_/X
 _3720_/Y
 _3721_/Y
 _3722_/Y
 _3723_/Y
 _3724_/Y
 _3725_/Y
 _3726_/Y
 _3727_/Y
 _3728_/Y
 _3729_/Y
 _3730_/Y
 _3731_/Y
 _3732_/Y
 _3733_/Y
 _3734_/Y
 _3735_/Y
 _3736_/X
 _3737_/Y
 _3738_/Y
 _3739_/Y
 _3740_/X
 _3741_/Y
 _3742_/Y
 _3743_/Y
 _3744_/Y
 _3745_/X
 _3746_/X
 _3747_/Y
 _3748_/Y
 _3749_/Y
 _3750_/Y
 _3751_/X
 _3752_/Y
 _3753_/X
 _3754_/Y
 _3755_/Y
 _3756_/Y
 _3757_/Y
 _3758_/Y
 _3759_/Y
 _3760_/X
 _3761_/Y
 _3762_/Y
 _3763_/Y
 _3764_/X
 _3765_/Y
 _3766_/Y
 _3767_/Y
 _3768_/Y
 _3769_/Y
 _3770_/X
 _3771_/Y
 _3772_/Y
 _3773_/X
 _3774_/Y
 _3775_/Y
 _3776_/Y
 _3777_/Y
 _3778_/Y
 _3779_/Y
 _3780_/Y
 _3781_/Y
 _3782_/Y
 _3783_/Y
 _3784_/Y
 _3785_/X
 _3786_/Y
 _3787_/X
 _3788_/X
 _3789_/Y
 _3790_/Y
 _3791_/X
 _3792_/Y
 _3793_/Y
 _3794_/X
 _3795_/Y
 _3796_/Y
 _3797_/Y
 _3798_/Y
 _3799_/Y
 _3800_/Y
 _3801_/Y
 _3802_/Y
 _3803_/X
 _3804_/Y
 _3805_/X
 _3806_/Y
 _3807_/Y
 _3808_/Y
 _3809_/Y
 _3810_/Y
 _3811_/Y
 _3812_/Y
 _3813_/Y
 _3814_/Y
 _3815_/Y
 _3816_/Y
 _3817_/X
 _3818_/Y
 _3819_/Y
 _3820_/Y
 _3821_/Y
 _3822_/Y
 _3823_/Y
 _3824_/Y
 _3825_/Y
 _3826_/Y
 _3827_/Y
 _3828_/Y
 _3829_/Y
 _3830_/Y
 _3831_/Y
 _3832_/X
 _3833_/Y
 _3834_/Y
 _3835_/Y
 _3836_/Y
 _3837_/Y
 _3838_/Y
 _3839_/Y
 _3840_/Y
 _3841_/X
 _3842_/Y
 _3843_/Y
 _3844_/Y
 _3845_/Y
 _3846_/Y
 _3847_/Y
 _3848_/Y
 _3849_/Y
 _3850_/Y
 _3851_/Y
 _3852_/X
 _3853_/Y
 _3854_/Y
 _3855_/Y
 _3856_/X
 _3857_/X
 _3858_/X
 _3859_/X
 _3860_/Y
 _3861_/X
 _3862_/X
 _3863_/X
 _3864_/X
 _3865_/Y
 _3866_/X
 _3867_/X
 _3868_/Y
 _3869_/Y
 _3870_/Y
 _3871_/Y
 _3872_/Y
 _3873_/Y
 _3874_/Y
 _3875_/Y
 _3876_/Y
 _3877_/Y
 _3878_/X
 _3879_/Y
 _3880_/Y
 _3881_/Y
 _3882_/Y
 _3883_/Y
 _3884_/Y
 _3885_/Y
 _3886_/Y
 _3887_/X
 _3888_/Y
 _3889_/Y
 _3890_/Y
 _3891_/Y
 _3892_/Y
 _3893_/Y
 _3894_/Y
 _3895_/Y
 _3896_/Y
 _3897_/Y
 _3898_/Y
 _3899_/Y
 _3900_/X
 _3901_/Y
 _3902_/Y
 _3903_/Y
 _3904_/Y
 _3905_/Y
 _3906_/Y
 _3907_/Y
 _3908_/X
 _3909_/X
 _3910_/X
 _3911_/Y
 _3912_/Y
 _3913_/Y
 _3914_/Y
 _3915_/Y
 _3916_/Y
 _3917_/Y
 _3918_/Y
 _3919_/Y
 _3920_/Y
 _3921_/Y
 _3922_/Y
 _3923_/Y
 _3924_/Y
 _3925_/Y
 _3926_/Y
 _3927_/Y
 _3928_/Y
 _3929_/Y
 _3930_/Y
 _3931_/Y
 _3932_/Y
 _3933_/Y
 _3934_/Y
 _3935_/Y
 _3936_/Y
 _3937_/Y
 _3938_/Y
 _3939_/Y
 _3940_/Y
 _3941_/Y
 _3942_/Y
 _3943_/Y
 _3944_/Y
 _3945_/Y
 _3946_/Y
 _3947_/Y
 _3948_/Y
 _3949_/Y
 _3950_/Y
 _3951_/Y
 _3952_/Y
 _3953_/X
 _3954_/Y
 _3955_/Y
 _3956_/Y
 _3957_/Y
 _3958_/Y
 _3959_/Y
 _3960_/X
 _3961_/Y
 _3962_/Y
 _3963_/Y
 _3964_/Y
 _3965_/Y
 _3966_/Y
 _3967_/Y
 _3968_/Y
 _3969_/Y
 _3970_/Y
 _3971_/Y
 _3972_/Y
 _3973_/Y
 _3974_/Y
 _3975_/Y
 _3976_/Y
 _3977_/X
 _3978_/X
 _3979_/Y
 _3980_/Y
 _3981_/Y
 _3982_/Y
 _3983_/Y
 _3984_/Y
 _3985_/Y
 _3986_/Y
 _3987_/Y
 _3988_/Y
 _3989_/Y
 _3990_/Y
 _3991_/Y
 _3992_/Y
 _3993_/Y
 _3994_/Y
 _3995_/Y
 _3996_/Y
 _3997_/Y
 _3998_/Y
 _3999_/Y
 _4000_/Y
 _4001_/Y
 _4002_/Y
 _4003_/X
 _4004_/Y
 _4005_/Y
 _4006_/Y
 _4007_/Y
 _4008_/Y
 _4009_/Y
 _4010_/X
 _4011_/Y
 _4012_/Y
 _4013_/X
 _4014_/Y
 _4015_/Y
 _4016_/Y
 _4017_/Y
 _4018_/Y
 _4019_/X
 _4020_/Y
 _4021_/Y
 _4022_/Y
 _4023_/Y
 _4024_/X
 _4025_/Y
 _4026_/Y
 _4027_/Y
 _4028_/X
 _4029_/Y
 _4030_/Y
 _4031_/X
 _4032_/Y
 _4033_/Y
 _4034_/Y
 _4035_/Y
 _4036_/Y
 _4037_/X
 _4038_/Y
 _4039_/Y
 _4040_/Y
 _4041_/Y
 _4042_/X
 _4043_/Y
 _4044_/Y
 _4045_/Y
 _4046_/Y
 _4047_/Y
 _4048_/X
 _4049_/Y
 _4050_/Y
 _4051_/X
 _4052_/Y
 _4053_/Y
 _4054_/Y
 _4055_/Y
 _4056_/Y
 _4057_/Y
 _4058_/Y
 _4059_/X
 _4060_/Y
 _4061_/Y
 _4062_/X
 _4063_/Y
 _4064_/Y
 _4065_/Y
 _4066_/Y
 _4067_/Y
 _4068_/Y
 _4069_/Y
 _4070_/X
 _4071_/Y
 _4072_/Y
 _4073_/X
 _4074_/Y
 _4075_/Y
 _4076_/Y
 _4077_/Y
 _4078_/Y
 _4079_/Y
 _4080_/Y
 _4081_/X
 _4082_/Y
 _4083_/Y
 _4084_/X
 _4085_/Y
 _4086_/Y
 _4087_/Y
 _4088_/Y
 _4089_/Y
 _4090_/Y
 _4091_/Y
 _4092_/X
 _4093_/Y
 _4094_/Y
 _4095_/Y
 _4096_/Y
 _4097_/X
 _4098_/Y
 _4099_/Y
 _4100_/Y
 _4101_/Y
 _4102_/X
 _4103_/Y
 _4104_/Y
 _4105_/X
 _4106_/Y
 _4107_/Y
 _4108_/Y
 _4109_/Y
 _4110_/Y
 _4111_/Y
 _4112_/Y
 _4113_/X
 _4114_/Y
 _4115_/Y
 _4116_/Y
 _4117_/Y
 _4118_/X
 _4119_/Y
 _4120_/Y
 _4121_/Y
 _4122_/Y
 _4123_/X
 _4124_/Y
 _4125_/Y
 _4126_/X
 _4127_/Y
 _4128_/Y
 _4129_/Y
 _4130_/Y
 _4131_/Y
 _4132_/X
 _4133_/Y
 _4134_/Y
 _4135_/Y
 _4136_/Y
 _4137_/X
 _4138_/Y
 _4139_/Y
 _4140_/Y
 _4141_/X
 _4142_/Y
 _4143_/Y
 _4144_/X
 _4145_/Y
 _4146_/Y
 _4147_/Y
 _4148_/Y
 _4149_/Y
 _4150_/X
 _4151_/Y
 _4152_/Y
 _4153_/Y
 _4154_/Y
 _4155_/X
 _4156_/Y
 _4157_/Y
 _4158_/Y
 _4159_/Y
 _4160_/Y
 _4161_/X
 _4162_/Y
 _4163_/Y
 _4164_/X
 _4165_/Y
 _4166_/Y
 _4167_/Y
 _4168_/Y
 _4169_/Y
 _4170_/Y
 _4171_/Y
 _4172_/X
 _4173_/Y
 _4174_/Y
 _4175_/X
 _4176_/Y
 _4177_/Y
 _4178_/Y
 _4179_/Y
 _4180_/Y
 _4181_/Y
 _4182_/Y
 _4183_/X
 _4184_/Y
 _4185_/Y
 _4186_/X
 _4187_/Y
 _4188_/Y
 _4189_/Y
 _4190_/Y
 _4191_/Y
 _4192_/Y
 _4193_/Y
 _4194_/X
 _4195_/Y
 _4196_/Y
 _4197_/X
 _4198_/Y
 _4199_/Y
 _4200_/Y
 _4201_/Y
 _4202_/Y
 _4203_/X
 _4204_/Y
 _4205_/Y
 _4206_/Y
 _4207_/Y
 _4208_/X
 _4209_/Y
 _4210_/Y
 _4211_/Y
 _4212_/X
 _4213_/Y
 _4214_/Y
 _4215_/X
 _4216_/Y
 _4217_/Y
 _4218_/Y
 _4219_/Y
 _4220_/Y
 _4221_/X
 _4222_/Y
 _4223_/Y
 _4224_/Y
 _4225_/Y
 _4226_/X
 _4227_/Y
 _4228_/Y
 _4229_/Y
 _4230_/X
 _4231_/Y
 _4232_/Y
 _4233_/X
 _4234_/Y
 _4235_/Y
 _4236_/Y
 _4237_/Y
 _4238_/Y
 _4239_/X
 _4240_/Y
 _4241_/Y
 _4242_/X
 _4243_/Y
 _4244_/Y
 _4245_/Y
 _4246_/Y
 _4247_/Y
 _4248_/X
 _4249_/Y
 _4250_/Y
 _4251_/X
 _4252_/Y
 _4253_/Y
 _4254_/Y
 _4255_/Y
 _4256_/Y
 _4257_/X
 _4258_/X
 _4259_/Q
 _4260_/Q
 _4261_/Q
 _4262_/Q
 _4263_/Q
 _4264_/Q
 _4265_/Q
 _4266_/Q
 _4267_/Q
 _4268_/Q
 _4269_/Q
 _4270_/Q
 _4271_/Q
 _4272_/Q
 _4273_/Q
 _4274_/Q
 _4275_/Q
 _4276_/Q
 _4277_/Q
 _4278_/Q
 _4279_/Q
 _4280_/Q
 _4281_/Q
 _4282_/Q
 _4283_/Q
 _4284_/Q
 _4285_/Q
 _4286_/Q
 _4287_/Q
 _4288_/Q
 _4289_/Q
 _4290_/Q
 _4291_/Q
 _4292_/Q
 _4293_/Q
 _4294_/Q
 _4295_/Q
 _4296_/Q
 _4297_/Q
 _4298_/Q
 _4299_/Q
 _4300_/Q
 _4301_/Q
 _4302_/Q
 _4303_/Q
 _4304_/Q
 _4305_/Q
 _4306_/Q
 _4307_/Q
 _4308_/Q
 _4309_/Q
 _4310_/Q
 _4311_/Q
 _4312_/Q
 _4313_/Q
 _4314_/Q
 _4315_/Q
 _4316_/Q
 _4317_/Q
 _4318_/Q
 _4319_/Q
 _4320_/Q
 _4321_/Q
 _4322_/Q
 _4323_/Q
 _4324_/Q
 _4325_/Q
 _4326_/Q
 _4327_/Q
 _4328_/Q
 _4329_/Q
 _4330_/Q
 _4331_/Q
 _4332_/Q
 _4333_/Q
 _4334_/Q
 _4335_/Q
 _4336_/Q
 _4337_/Q
 _4338_/Q
 _4339_/Q
 _4340_/Q
 _4341_/Q
 _4342_/Q
 _4343_/Q
 _4344_/Q
 _4345_/Q
 _4346_/Q
 _4347_/Q
 _4348_/Q
 _4349_/Q
 _4350_/Q
 _4351_/Q
 _4352_/Q
 _4353_/Q
 _4354_/Q
 _4355_/Q
 _4356_/Q
 _4357_/Q
 _4358_/Q
 _4359_/Q
 _4360_/Q
 _4361_/Q
 _4362_/Q
 _4363_/Q
 _4364_/Q
 _4365_/Q
 _4366_/Q
 _4367_/Q
 _4368_/Q
 _4369_/Q
 _4370_/Q
 _4371_/Q
 _4372_/Q
 _4373_/Q
 _4374_/Q
 _4375_/Q
 _4376_/Q
 _4377_/Q
 _4378_/Q
 _4379_/Q
 _4380_/Q
 _4381_/Q
 _4382_/Q
 _4383_/Q
 _4384_/Q
 _4385_/Q
 _4386_/Q
 _4387_/Q
 _4388_/Q
 _4389_/Q
 _4390_/Q
 _4391_/Q
 _4392_/Q
 _4393_/Q
 _4394_/Q
 _4395_/Q
 _4396_/Q
 _4397_/Q
 _4398_/Q
 _4399_/Q
 _4400_/Q
 _4401_/Q
 _4402_/Q
 _4403_/Q
 _4404_/Q
 _4405_/Q
 _4406_/Q
 _4407_/Q
 _4408_/Q
 _4409_/Q
 _4410_/Q
 _4411_/Q
 _4412_/Q
 _4413_/Q
 _4414_/Q
 _4415_/Q
 _4416_/Q
 _4417_/Q
 _4418_/Q
 _4419_/Q
 _4420_/Q
 _4421_/Q
 _4422_/Q
 _4423_/Q
 _4424_/Q
 _4425_/Q
 _4426_/Q
 _4427_/Q
 _4428_/Q
 _4429_/Q
 _4430_/Q
 _4431_/Q
 _4432_/Q
 _4433_/Q
 _4434_/Q
 _4435_/Q
 _4436_/Q
 _4437_/Q
 _4438_/Q
 _4439_/Q
 _4440_/Q
 _4441_/Q
 _4442_/Q
 _4443_/Q
 _4444_/Q
 _4445_/Q
 _4446_/Q
 _4447_/Q
 _4448_/Q
 _4449_/Q
 _4450_/Q
 _4451_/Q
 _4452_/Q
 _4453_/Q
 _4454_/Q
 _4455_/Q
 _4456_/Q
 _4457_/Q
 _4458_/Q
 _4459_/Q
 _4460_/Q
 _4461_/Q
 _4462_/Q
 _4463_/Q
 _4464_/Q
 _4465_/Q
 _4466_/Q
 _4467_/Q
 _4468_/Q
 _4469_/Q
 _4470_/Q
 _4471_/Q
 _4472_/Q
 _4473_/Q
 _4474_/Q
 _4475_/Q
 _4476_/Q
 _4477_/Q
 _4478_/Q
 _4479_/Q
 _4480_/Q
 _4481_/Q
 _4482_/Q
 _4483_/Q
 _4484_/Q
 _4485_/Q
 _4486_/Q
 _4487_/Q
 _4488_/Q
 _4489_/Q
 _4490_/Q
 _4491_/Q
 _4492_/Q
 _4493_/Q
 _4494_/Q
 _4495_/Q
 _4496_/Q
 _4497_/Q
 _4498_/Q
 _4499_/Q
 _4500_/Q
 _4501_/Q
 _4502_/Q
 _4503_/Q
 _4504_/Q
 _4505_/Q
 _4506_/Q
 _4507_/Q
 _4508_/Q
 _4509_/Q
 _4510_/Q
 _4511_/Q
 _4512_/Q
 _4513_/Q
 _4514_/Q
 _4515_/Q
 _4516_/Q
 _4517_/Q
 _4518_/Q
 _4519_/Q
 _4520_/Q
 _4521_/Q
 _4522_/Q
 _4523_/Q
 _4524_/Q
 _4525_/Q
 _4526_/Q
 _4527_/Q
 _4528_/Q
 _4529_/Q
 _4530_/Q
 _4531_/Q
 _4532_/Q
 _4533_/Q
 _4534_/Q
 _4535_/Q
 _4536_/Q
 _4537_/Q
 _4538_/Q
 _4539_/Q
 _4540_/Q
 _4541_/Q
 _4542_/Q
 _4543_/Q
 _4544_/Q
 _4545_/Q
 _4546_/Q
 _4547_/Q
 _4548_/Q
 _4549_/Q
 _4550_/Q
 _4551_/Q
 _4552_/Q
 _4553_/Q
 _4554_/Q
 _4555_/Q
 _4556_/Q
 _4557_/Q
 _4558_/Q
 _4559_/Q
 _4560_/Q
 _4561_/Q
 _4562_/Q
 _4563_/Q
 _4564_/Q
 _4565_/Q
 _4566_/Q
 _4567_/Q
 _4568_/Q
 _4569_/Q
 _4570_/Q
 _4571_/Q
 _4572_/Q
 _4573_/Q
 _4574_/Q
 _4575_/Q
 _4576_/Q
 _4577_/Q
 _4578_/Q
 _4579_/Q
 _4580_/Q
 _4581_/Q
 _4582_/Q
 _4583_/Q
 _4584_/Q
 _4585_/Q
 _4586_/Q
 _4587_/Q
 _4588_/Q
 _4589_/Q
 _4590_/Q
 _4591_/Q
 _4592_/Q
 _4593_/Q
 _4594_/Q
 _4595_/Q
 _4596_/Q
 _4597_/Q
 _4598_/Q
 _4599_/Q
 _4600_/Q
 _4601_/Q
 _4602_/Q
 _4603_/Q
 _4604_/Q
 _4605_/Q
 _4606_/Q
 _4607_/Q
 _4608_/Q
 _4609_/Q
 _4610_/Q
 _4611_/Q
 _4612_/Q
 _4613_/Q
 _4614_/Q
 _4615_/Q
 _4616_/Q
 _4617_/Q
 _4618_/Q
 _4619_/Q
 _4620_/Q
 _4621_/Q
 _4622_/Q
 _4623_/Q
 _4624_/Q
 _4625_/Q
 _4626_/Q
 _4627_/Q
 _4628_/Q
 _4629_/Q
 _4630_/Q
 _4631_/Q
 _4632_/Q
 _4633_/Q
 _4634_/Q
 _4635_/Q
 _4636_/Q
 _4637_/Q
 _4638_/Q
 _4639_/Q
 _4640_/Q
 _4641_/Q
 _4642_/Q
 _4643_/Q
 _4644_/Q
 _4645_/Q
 _4646_/Q
 _4647_/Q
 _4648_/Q
 _4649_/Q
 _4650_/Q
 _4651_/Q
 _4652_/Q
 _4653_/Q
 _4654_/Q
 _4655_/Q
 _4656_/Q
 _4657_/Q
 _4658_/Q
 _4659_/Q
 _4660_/Q
 _4661_/Q
 _4662_/Q
 _4663_/Q
 _4664_/Q
 _4665_/Q
 _4666_/Q
 _4667_/Q
 _4668_/Q
 _4669_/Q
 _4670_/Q
 _4671_/Q
 _4672_/Q
 _4673_/Q
 _4674_/Q
 _4675_/Q
 _4676_/Q
 _4677_/Q
 _4678_/Q
 _4679_/Q
 _4680_/Q
 _4681_/Q
 _4682_/Q
 _4683_/Q
 _4684_/Q
 _4685_/Q
 _4686_/Q
 _4687_/Q
 _4688_/Q
 _4689_/Q
 _4690_/Q
 _4691_/Q
 _4692_/Q
 _4693_/Q
 _4694_/Q
 _4695_/Q
 _4696_/Q
 _4697_/Q
 _4698_/Q
 _4699_/Q
 _4700_/Q
 _4701_/Q
 _4702_/Q
 _4703_/Q
 _4704_/Q
 _4705_/Q
 _4706_/Q
 _4707_/Q
 _4708_/Q
 _4709_/Q
 _4710_/Q
 _4711_/Q
 _4712_/Q
 _4713_/Q
 _4714_/Q
 _4715_/Q
 _4716_/Q
 _4717_/Q
 _4718_/Q
 _4719_/Q
 _4720_/Q
 _4721_/Q
 _4722_/Q
 _4723_/Q
 _4724_/Q
 _4725_/Q
 _4726_/Q
 _4727_/Q
 _4728_/Q
 _4729_/Q
 _4730_/Q
 _4731_/Q
 _4732_/Q
 _4733_/Q
 _4734_/Q
 _4735_/Q
 _4736_/Q
 _4737_/Q
 _4738_/Q
 _4739_/Q
 _4740_/Q
 _4741_/Q
 _4742_/Q
 _4743_/Q
 _4744_/Q
 _4745_/Q
 _4746_/Q
 _4747_/Q
 _4748_/Q
 _4749_/Q
 _4750_/Q
 _4751_/Q
 _4752_/Q
 _4753_/Q
 _4754_/Q
 _4755_/Q
 _4756_/Q
 _4757_/Q
 _4758_/Q
 _4759_/Q
 _4760_/Q
 _4761_/Q
 _4762_/Q
 _4763_/Q
 _4764_/Q
 _4765_/Q
 _4766_/Q
 _4767_/Q
 _4768_/Q
 _4769_/Q
 _4770_/Q
 _4771_/Q
 _4772_/Q
 _4773_/Q
 _4774_/Q
 _4775_/Q
 _4776_/Q
 _4777_/Q
 _4778_/Q
 _4779_/Q
 _4780_/Q
 _4781_/Q
 _4782_/Q
 _4783_/Q
 _4784_/Q
 _4785_/Q
 _4786_/Q
 _4787_/Q
 _4788_/Q
 _4789_/Q
 _4790_/Q
 _4791_/Q
 _4792_/Q
 _4793_/Q
 _4794_/Q
 _4795_/Q
 _4796_/Q
 _4797_/Q
 _4798_/Q
 _4799_/Q
 _4800_/Q
 _4801_/Q
 _4802_/Q
 _4803_/Q
 _4804_/Q
 _4805_/Q
 _4806_/Q
 _4807_/Q
 _4808_/Q
 _4809_/Q
 _4810_/Q
 _4811_/Q
 _4812_/Q
 _4813_/Q
 _4814_/Q
 _4815_/Q
 _4816_/Q
 _4817_/Q
 _4818_/Q
 _4819_/Q
 _4820_/Q
 _4821_/Q
 _4822_/Q
 _4823_/Q
 _4824_/Q
 _4825_/Q
 _4826_/Q
 _4827_/Q
 _4828_/Q
 _4829_/Q
 _4830_/Q
 _4831_/Q
 _4832_/Q
 _4833_/Q
 _4834_/Q
 _4835_/Q
 _4836_/Q
 _4837_/Q
 _4838_/Q
 _4839_/Q
 _4840_/Q
 _4841_/Q
 _4842_/Q
 _4843_/Q
 _4844_/Q
 _4845_/Q
 _4846_/Q
 _4847_/Q
 _4848_/Q
 _4849_/Q
 _4850_/Q
 _4851_/Q
 _4852_/Q
 _4853_/Q
 _4854_/Q
 _4855_/Q
 _4856_/Q
 _4857_/Q
 _4858_/Q
 _4859_/Q
 _4860_/Q
 _4861_/Q
 _4862_/Q
 _4863_/Q
 _4864_/Q
 _4865_/Q
 _4866_/Q
 _4867_/Q
 _4868_/Q
 _4869_/Q
 _4870_/Q
 _4871_/Q
 _4872_/Q
 _4873_/Q
 _4874_/Q
 _4875_/Q
 _4876_/Q
 _4877_/Q
 _4878_/Q
 _4879_/Q
 _4880_/Q
 _4881_/Q
 _4882_/Q
 _4883_/Q
 _4884_/Q
 _4885_/Q
 _4886_/Q
 _4887_/Q
 _4888_/Q
 _4889_/Q
 _4890_/Q
 _4891_/Q
 _4892_/Q
 _4893_/Q
 _4894_/Q
 _4895_/Q
 _4896_/Q
 _4897_/Q
 _4898_/Q
 _4899_/Q
 _4900_/Q
 _4901_/Q
 _4902_/Q
 _4903_/Q
 _4904_/Q
 _4905_/Q
 _4906_/Q
 _4907_/Q
 _4908_/Q
 _4909_/Q
 _4910_/Q
 _4911_/Q
 _4912_/Q
 _4913_/Q
 _4914_/Q
 _4915_/Q
 _4916_/Q
 _4917_/Q
 _4918_/Q
 _4919_/Q
 _4920_/Q
 _4921_/Q
 _4922_/Q
 _4923_/Q
 _4924_/Q
 _4925_/Q
 _4926_/Q
 _4927_/Q
 _4928_/Q
 _4929_/Q
 _4930_/Q
 _4931_/Q
 _4932_/Q
 _4933_/Q
 _4934_/Q
 _4935_/Q
 _4936_/Q
 _4937_/Q
 _4938_/Q
 _4939_/Q
 _4940_/Q
 _4941_/Q
 _4942_/Q
 _4943_/Q
 _4944_/Q
 _4945_/Q
 _4946_/Q
 _4947_/Q
 _4948_/Q
 _4949_/Q
 _4950_/Q
 _4951_/Q
 _4952_/Q
 _4953_/Q
 _4954_/Q
 _4955_/Q
 _4956_/Q
 _4957_/Q
 _4958_/Q
 _4959_/Q
 _4960_/Q
 _4961_/Q
 _4962_/Q
 _4963_/Q
 _4964_/Q
 _4965_/Q
 _4966_/Q
 _4967_/Q
 _4968_/Q
 _4969_/Q
 _4970_/Q
 _4971_/Q
 _4972_/Q
 _4973_/Q
 _4974_/Q
 _4975_/Q
 _4976_/Q
 _4977_/Q
 _4978_/Q
 _4979_/Q
 _4980_/L_HI
 _4981_/L_HI
 _4982_/L_HI
 _4983_/L_HI
 _4984_/L_HI
 _4985_/L_HI
 _4986_/L_HI
 _4987_/L_HI
 _4988_/L_HI
 _4989_/L_HI
 _4990_/L_HI
 _4991_/L_HI
 _4992_/L_HI
 _4993_/L_HI
 _4994_/L_HI
 _4995_/L_HI
 _4996_/L_HI
 _4997_/L_HI
 _4998_/L_HI
 _4999_/L_HI
 _5000_/L_HI
 _5001_/L_HI
 _5002_/L_HI
 _5003_/L_HI
 _5004_/L_HI
 _5005_/L_HI
 _5006_/L_HI
 _5007_/L_HI
 _5008_/L_HI
 _5009_/L_HI
 _5010_/L_HI
 _5011_/L_HI
 _5012_/L_HI
 _5013_/L_HI
 _5014_/L_HI
 _5015_/L_HI
 _5016_/L_HI
 _5017_/L_HI
 _5018_/L_HI
 _5019_/L_HI
 _5020_/L_HI
 _5021_/L_HI
 _5022_/L_HI
 _5023_/L_HI
 _5024_/L_HI
 _5025_/L_HI
 _5026_/L_HI
 _5027_/L_HI
 _5028_/L_HI
 _5029_/L_HI
 _5030_/L_HI
 _5031_/L_HI
 _5032_/L_HI
 _5033_/L_HI
 _5034_/L_HI
 _5035_/L_HI
 _5036_/L_HI
 _5037_/L_HI
 _5038_/L_HI
 _5039_/L_HI
 _5040_/L_HI
 _5041_/L_HI
 _5042_/L_HI
 _5043_/L_HI
 _5044_/L_HI
 _5045_/L_HI
 _5046_/L_HI
 _5047_/L_HI
 _5048_/L_HI
 _5049_/L_HI
 _5050_/L_HI
 _5051_/L_HI
 _5052_/L_HI
 _5053_/L_HI
 _5054_/L_HI
 _5055_/L_HI
 _5056_/L_HI
 _5057_/L_HI
 _5058_/L_HI
 _5059_/L_HI
 _5060_/L_HI
 _5061_/L_HI
 _5062_/L_HI
 _5063_/L_HI
 _5064_/L_HI
 _5065_/L_HI
 _5066_/L_HI
 _5067_/L_HI
 _5068_/L_HI
 _5069_/L_HI
 _5070_/L_HI
 _5071_/L_HI
 _5072_/L_HI
 _5073_/L_HI
 _5074_/L_HI
 _5075_/L_HI
 _5076_/L_HI
 _5077_/L_HI
 _5078_/L_HI
 _5079_/L_HI
 _5080_/L_HI
 _5081_/L_HI
 _5082_/L_HI
 _5083_/L_HI
 _5084_/L_HI
 _5085_/L_HI
 _5086_/L_HI
 _5087_/L_HI
 _5088_/L_HI
 _5089_/L_HI
 _5090_/L_HI
 _5091_/L_HI
 _5092_/L_HI
 _5093_/L_HI
 _5094_/L_HI
 _5095_/L_HI
 _5096_/L_HI
 _5097_/L_HI
 _5098_/L_HI
 _5099_/L_HI
 _5100_/L_HI
 _5101_/L_HI
 _5102_/L_HI
 _5103_/L_HI
 _5104_/L_HI
 _5105_/L_HI
 _5106_/L_HI
 _5107_/L_HI
 _5108_/L_HI
 _5109_/L_HI
 _5110_/L_HI
 _5111_/L_HI
 _5112_/L_HI
 _5113_/L_HI
 _5114_/L_HI
 _5115_/L_HI
 _5116_/L_HI
 _5117_/L_HI
 _5118_/L_HI
 _5119_/L_HI
 _5120_/L_HI
 _5121_/L_HI
 _5122_/L_HI
 _5123_/L_HI
 _5124_/L_HI
 _5125_/L_HI
 _5126_/L_HI
 _5127_/L_HI
 _5128_/L_HI
 _5129_/L_HI
 _5130_/L_HI
 _5131_/L_HI
 _5132_/L_HI
 _5133_/L_HI
 _5134_/L_HI
 _5135_/L_HI
 _5136_/L_HI
 _5137_/L_HI
 _5138_/L_HI
 _5139_/L_HI
 _5140_/L_HI
 _5141_/L_HI
 _5142_/L_HI
 _5143_/L_HI
 _5144_/L_HI
 _5145_/L_HI
 _5146_/L_HI
 _5147_/L_HI
 _5148_/L_HI
 _5149_/L_HI
 _5150_/L_HI
 _5151_/L_HI
 _5152_/L_HI
 _5153_/L_HI
 _5154_/L_HI
 _5155_/L_HI
 _5156_/L_HI
 _5157_/L_HI
 _5158_/L_HI
 _5159_/L_HI
 _5160_/L_HI
 _5161_/L_HI
 _5162_/L_HI
 _5163_/L_HI
 _5164_/L_HI
 _5165_/L_HI
 _5166_/L_HI
 _5167_/L_HI
 _5168_/L_HI
 _5169_/L_HI
 _5170_/L_HI
 _5171_/L_HI
 _5172_/L_HI
 _5173_/L_HI
 _5174_/L_HI
 _5175_/L_HI
 _5176_/L_HI
 _5177_/L_HI
 _5178_/L_HI
 _5179_/L_HI
 _5180_/X
Found 0 partially unannotated drivers.

===========================================================================
max slew violation count 0
max fanout violation count 90
max cap violation count 2
============================================================================

===========================================================================
check_setup -verbose -unconstrained_endpoints -multiple_clock -no_clock -no_input_delay -loops -generated_clocks
===========================================================================
