Clock: clk
Sources: clk 
Generated: no
Virtual: no
Propagated: no
Period: 100.000000

===========================================================================
report_clock_properties
============================================================================
Clock                   Period          Waveform
----------------------------------------------------
clk                 100.000000    0.000000 50.000000

===========================================================================
report_clock_latency
============================================================================
Clock clk
rise -> rise
    min     max
0.000000 0.000000 source latency
1.026260         network latency _4259_/CLK
        1.026260 network latency _4259_/CLK
---------------
1.026260 1.026260 latency
        0.000000 skew

fall -> fall
    min     max
0.000000 0.000000 source latency
0.753492         network latency _4259_/CLK
        0.753492 network latency _4259_/CLK
---------------
0.753492 0.753492 latency
        0.000000 skew



===========================================================================
report_clock_min_period
============================================================================
clk period_min = 2.35 fmax = 425.47
