Clock: clk
Sources: clk 
Generated: no
Virtual: yes
Propagated: no
Period: 100.000000

===========================================================================
report_clock_properties
============================================================================
Clock                   Period          Waveform
----------------------------------------------------
clk                 100.000000    0.000000 50.000000

===========================================================================
report_clock_latency
============================================================================
Clock clk
rise -> rise
    min     max
0.000000 0.000000 source latency
0.390846         network latency _4439_/CLK
        0.401226 network latency _4901_/CLK
---------------
0.390846 0.401226 latency
        0.010380 skew

fall -> fall
    min     max
0.000000 0.000000 source latency
0.374360         network latency _4439_/CLK
        0.384208 network latency _4901_/CLK
---------------
0.374360 0.384208 latency
        0.009848 skew



===========================================================================
report_clock_min_period
============================================================================
clk period_min = 3.84 fmax = 260.17
