Clock: clk
Sources: clk 
Generated: no
Virtual: yes
Propagated: no
Period: 100.000000

===========================================================================
report_clock_properties
============================================================================
Clock                   Period          Waveform
----------------------------------------------------
clk                 100.000000    0.000000 50.000000

===========================================================================
report_clock_latency
============================================================================
Clock clk
rise -> rise
    min     max
0.000000 0.000000 source latency
0.613422         network latency _4354_/CLK
        0.642739 network latency _4901_/CLK
---------------
0.613422 0.642739 latency
        0.029317 skew

fall -> fall
    min     max
0.000000 0.000000 source latency
0.590688         network latency _4354_/CLK
        0.617341 network latency _4901_/CLK
---------------
0.590688 0.617341 latency
        0.026652 skew



===========================================================================
report_clock_min_period
============================================================================
clk period_min = 6.41 fmax = 156.06
