163. Printing statistics.

=== ir_recorder_replay_chip_top ===

        +----------Local Count, excluding submodules.
        |        +-Local Area, excluding submodules.
        |        | 
     2993        - wires
     3853        - wire bits
      100        - public wires
      833        - public wire bits
       20        - ports
       22        - port bits
     3720 3.53E+04 cells
      707        -   $_ANDNOT_
      111        -   $_AND_
      914        -   $_MUX_
      166        -   $_NAND_
      137        -   $_NOR_
      166        -   $_NOT_
       89        -   $_ORNOT_
      467        -   $_OR_
       77        -   $_XNOR_
      165        -   $_XOR_
      721 3.53E+04   sg13g2_dfrbpq_1

   Area for cell type $_ANDNOT_ is unknown!
   Area for cell type $_AND_ is unknown!
   Area for cell type $_MUX_ is unknown!
   Area for cell type $_NAND_ is unknown!
   Area for cell type $_NOR_ is unknown!
   Area for cell type $_NOT_ is unknown!
   Area for cell type $_ORNOT_ is unknown!
   Area for cell type $_OR_ is unknown!
   Area for cell type $_XNOR_ is unknown!
   Area for cell type $_XOR_ is unknown!

   Chip area for module '\ir_recorder_replay_chip_top': 35320.924800
     of which used for sequential elements: 35320.924800 (100.00%)

