157. Printing statistics.

=== ir_recorder_replay_chip_top ===

        +----------Local Count, excluding submodules.
        | 
     2353 wires
     3213 wire bits
      100 public wires
      833 public wire bits
       20 ports
       22 port bits
     3080 cells
      707   $_ANDNOT_
      111   $_AND_
      405   $_DFFE_PN0P_
        1   $_DFFE_PN1P_
      200   $_DFFE_PP_
       99   $_DFF_PN0_
       16   $_DFF_PN1_
      308   $_MUX_
      166   $_NAND_
      137   $_NOR_
      132   $_NOT_
       89   $_ORNOT_
      467   $_OR_
       77   $_XNOR_
      165   $_XOR_

   Area for cell type $_ANDNOT_ is unknown!
   Area for cell type $_AND_ is unknown!
   Area for cell type $_DFFE_PN0P_ is unknown!
   Area for cell type $_DFFE_PN1P_ is unknown!
   Area for cell type $_DFFE_PP_ is unknown!
   Area for cell type $_DFF_PN0_ is unknown!
   Area for cell type $_DFF_PN1_ is unknown!
   Area for cell type $_MUX_ is unknown!
   Area for cell type $_NAND_ is unknown!
   Area for cell type $_NOR_ is unknown!
   Area for cell type $_NOT_ is unknown!
   Area for cell type $_ORNOT_ is unknown!
   Area for cell type $_OR_ is unknown!
   Area for cell type $_XNOR_ is unknown!
   Area for cell type $_XOR_ is unknown!

