171. Printing statistics.

=== ir_recorder_replay_chip_top ===

        +----------Local Count, excluding submodules.
        |        +-Local Area, excluding submodules.
        |        | 
     2954        - wires
     2956        - wire bits
      721        - public wires
      723        - public wire bits
       20        - ports
       22        - port bits
     2948 5.93E+04 cells
       31  393.725   sg13g2_a21o_1
      166 1.51E+03   sg13g2_a21oi_1
       10  145.152   sg13g2_a221oi_1
       35  379.701   sg13g2_a22oi_1
       53  480.816   sg13g2_and2_1
       21  266.717   sg13g2_and3_1
       13  188.698   sg13g2_and4_1
        3   21.773   sg13g2_buf_1
      721 3.53E+04   sg13g2_dfrbpq_1
      145  789.264   sg13g2_inv_1
      387 7.02E+03   sg13g2_mux2_1
       22  838.253   sg13g2_mux4_1
      150  1088.64   sg13g2_nand2_1
       69  625.968   sg13g2_nand2b_1
       84  762.048   sg13g2_nand3_1
       10  127.008   sg13g2_nand3b_1
       32  348.365   sg13g2_nand4_1
      197 1.43E+03   sg13g2_nor2_1
       35   317.52   sg13g2_nor2b_1
       78  707.616   sg13g2_nor3_1
       36   391.91   sg13g2_nor4_1
      305  2766.96   sg13g2_o21ai_1
       26  235.872   sg13g2_or2_1
       15  190.512   sg13g2_or3_1
       13  188.698   sg13g2_or4_1
      200  1451.52   sg13g2_tiehi
       58  841.882   sg13g2_xnor2_1
       33  479.002   sg13g2_xor2_1

   Chip area for module '\ir_recorder_replay_chip_top': 59305.969800
     of which used for sequential elements: 35320.924800 (59.56%)

