Clock: clk
Sources: clk 
Generated: no
Virtual: yes
Propagated: no
Period: 100.000000

===========================================================================
report_clock_properties
============================================================================
Clock                   Period          Waveform
----------------------------------------------------
clk                 100.000000    0.000000 50.000000

===========================================================================
report_clock_latency
============================================================================
Clock clk
rise -> rise
    min     max
0.000000 0.000000 source latency
0.267290         network latency _4354_/CLK
        0.284694 network latency _4901_/CLK
---------------
0.267290 0.284694 latency
        0.017404 skew

fall -> fall
    min     max
0.000000 0.000000 source latency
0.259419         network latency _4354_/CLK
        0.275858 network latency _4901_/CLK
---------------
0.259419 0.275858 latency
        0.016438 skew



===========================================================================
report_clock_min_period
============================================================================
clk period_min = 2.80 fmax = 356.52
